<?xml version="1.0" encoding="UTF-8"?>
<testsuite xmlns:xsi="http://www.w3.org/2001/XMLSchema-instance" xsi:noNamespaceSchemaLocation="https://maven.apache.org/surefire/maven-surefire-plugin/xsd/surefire-test-report.xsd" name="com.example.NewNormalAPI.NewNormalAPIApplicationTests" time="5.882" tests="1" errors="1" skipped="0" failures="0">
  <properties>
[...]
</properties>
  <testcase name="contextLoads" classname="com.example.NewNormalAPI.NewNormalAPIApplicationTests" time="0.209">
    <error message="could not extract ResultSet; SQL [n/a]; nested exception is org.hibernate.exception.SQLGrammarException: could not extract ResultSet" type="org.springframework.dao.InvalidDataAccessResourceUsageException">org.springframework.dao.InvalidDataAccessResourceUsageException: could not extract ResultSet; SQL [n/a]; nested exception is org.hibernate.exception.SQLGrammarException: could not extract ResultSet
	at com.example.NewNormalAPI.NewNormalAPIApplicationTests.tearDown(NewNormalAPIApplicationTests.java:30)
Caused by: org.hibernate.exception.SQLGrammarException: could not extract ResultSet
	at com.example.NewNormalAPI.NewNormalAPIApplicationTests.tearDown(NewNormalAPIApplicationTests.java:30)
Caused by: java.sql.SQLSyntaxErrorException: Table 'new_normal.admin_config' doesn't exist
	at com.example.NewNormalAPI.NewNormalAPIApplicationTests.tearDown(NewNormalAPIApplicationTests.java:30)
</error>
    <system-out><![CDATA[15:35:12.078 [main] DEBUG org.springframework.test.context.BootstrapUtils - Instantiating CacheAwareContextLoaderDelegate from class [org.springframework.test.context.cache.DefaultCacheAwareContextLoaderDelegate]
15:35:12.095 [main] DEBUG org.springframework.test.context.BootstrapUtils - Instantiating BootstrapContext using constructor [public org.springframework.test.context.support.DefaultBootstrapContext(java.lang.Class,org.springframework.test.context.CacheAwareContextLoaderDelegate)]
15:35:12.187 [main] DEBUG org.springframework.test.context.BootstrapUtils - Instantiating TestContextBootstrapper for test class [com.example.NewNormalAPI.NewNormalAPIApplicationTests] from class [org.springframework.boot.test.context.SpringBootTestContextBootstrapper]
15:35:12.227 [main] INFO org.springframework.boot.test.context.SpringBootTestContextBootstrapper - Neither @ContextConfiguration nor @ContextHierarchy found for test class [com.example.NewNormalAPI.NewNormalAPIApplicationTests], using SpringBootContextLoader
15:35:12.242 [main] DEBUG org.springframework.test.context.support.AbstractContextLoader - Did not detect default resource location for test class [com.example.NewNormalAPI.NewNormalAPIApplicationTests]: class path resource [com/example/NewNormalAPI/NewNormalAPIApplicationTests-context.xml] does not exist
15:35:12.243 [main] DEBUG org.springframework.test.context.support.AbstractContextLoader - Did not detect default resource location for test class [com.example.NewNormalAPI.NewNormalAPIApplicationTests]: class path resource [com/example/NewNormalAPI/NewNormalAPIApplicationTestsContext.groovy] does not exist
15:35:12.243 [main] INFO org.springframework.test.context.support.AbstractContextLoader - Could not detect default resource locations for test class [com.example.NewNormalAPI.NewNormalAPIApplicationTests]: no resource found for suffixes {-context.xml, Context.groovy}.
15:35:12.244 [main] INFO org.springframework.test.context.support.AnnotationConfigContextLoaderUtils - Could not detect default configuration classes for test class [com.example.NewNormalAPI.NewNormalAPIApplicationTests]: NewNormalAPIApplicationTests does not declare any static, non-private, non-final, nested classes annotated with @Configuration.
15:35:12.321 [main] DEBUG org.springframework.test.context.support.ActiveProfilesUtils - Could not find an 'annotation declaring class' for annotation type [org.springframework.test.context.ActiveProfiles] and class [com.example.NewNormalAPI.NewNormalAPIApplicationTests]
15:35:12.380 [main] DEBUG org.springframework.context.annotation.ClassPathScanningCandidateComponentProvider - Identified candidate component class: file [C:\Users\wesle\Desktop\NewNormal\NewNormalApi\target\classes\com\example\NewNormalAPI\NewNormalApiApplication.class]
15:35:12.381 [main] INFO org.springframework.boot.test.context.SpringBootTestContextBootstrapper - Found @SpringBootConfiguration com.example.NewNormalAPI.NewNormalApiApplication for test class com.example.NewNormalAPI.NewNormalAPIApplicationTests
15:35:12.480 [main] DEBUG org.springframework.boot.test.context.SpringBootTestContextBootstrapper - @TestExecutionListeners is not present for class [com.example.NewNormalAPI.NewNormalAPIApplicationTests]: using defaults.
15:35:12.480 [main] INFO org.springframework.boot.test.context.SpringBootTestContextBootstrapper - Loaded default TestExecutionListener class names from location [META-INF/spring.factories]: [org.springframework.boot.test.mock.mockito.MockitoTestExecutionListener, org.springframework.boot.test.mock.mockito.ResetMocksTestExecutionListener, org.springframework.boot.test.autoconfigure.restdocs.RestDocsTestExecutionListener, org.springframework.boot.test.autoconfigure.web.client.MockRestServiceServerResetTestExecutionListener, org.springframework.boot.test.autoconfigure.web.servlet.MockMvcPrintOnlyOnFailureTestExecutionListener, org.springframework.boot.test.autoconfigure.web.servlet.WebDriverTestExecutionListener, org.springframework.boot.test.autoconfigure.webservices.client.MockWebServiceServerTestExecutionListener, org.springframework.test.context.web.ServletTestExecutionListener, org.springframework.test.context.support.DirtiesContextBeforeModesTestExecutionListener, org.springframework.test.context.event.ApplicationEventsTestExecutionListener, org.springframework.test.context.support.DependencyInjectionTestExecutionListener, org.springframework.test.context.support.DirtiesContextTestExecutionListener, org.springframework.test.context.transaction.TransactionalTestExecutionListener, org.springframework.test.context.jdbc.SqlScriptsTestExecutionListener, org.springframework.test.context.event.EventPublishingTestExecutionListener, org.springframework.security.test.context.support.WithSecurityContextTestExecutionListener, org.springframework.security.test.context.support.ReactorContextTestExecutionListener]
15:35:12.505 [main] INFO org.springframework.boot.test.context.SpringBootTestContextBootstrapper - Using TestExecutionListeners: [org.springframework.test.context.web.ServletTestExecutionListener@17271176, org.springframework.test.context.support.DirtiesContextBeforeModesTestExecutionListener@2e3cdec2, org.springframework.test.context.event.ApplicationEventsTestExecutionListener@2e34384c, org.springframework.boot.test.mock.mockito.MockitoTestExecutionListener@3051e0b2, org.springframework.boot.test.autoconfigure.SpringBootDependencyInjectionTestExecutionListener@1f52eb6f, org.springframework.test.context.support.DirtiesContextTestExecutionListener@57d0fc89, org.springframework.test.context.transaction.TransactionalTestExecutionListener@58294867, org.springframework.test.context.jdbc.SqlScriptsTestExecutionListener@67c277a0, org.springframework.test.context.event.EventPublishingTestExecutionListener@6fc3e1a4, org.springframework.security.test.context.support.WithSecurityContextTestExecutionListener@3fa76c61, org.springframework.security.test.context.support.ReactorContextTestExecutionListener@2d5f7182, org.springframework.boot.test.mock.mockito.ResetMocksTestExecutionListener@59546cfe, org.springframework.boot.test.autoconfigure.restdocs.RestDocsTestExecutionListener@29ea78b1, org.springframework.boot.test.autoconfigure.web.client.MockRestServiceServerResetTestExecutionListener@2d2acd89, org.springframework.boot.test.autoconfigure.web.servlet.MockMvcPrintOnlyOnFailureTestExecutionListener@7baf6acf, org.springframework.boot.test.autoconfigure.web.servlet.WebDriverTestExecutionListener@1e6dad8, org.springframework.boot.test.autoconfigure.webservices.client.MockWebServiceServerTestExecutionListener@7b3315a5]
15:35:12.509 [main] DEBUG org.springframework.test.context.support.AbstractDirtiesContextTestExecutionListener - Before test class: context [DefaultTestContext@31e72cbc testClass = NewNormalAPIApplicationTests, testInstance = [null], testMethod = [null], testException = [null], mergedContextConfiguration = [WebMergedContextConfiguration@5fad41be testClass = NewNormalAPIApplicationTests, locations = '{}', classes = '{class com.example.NewNormalAPI.NewNormalApiApplication}', contextInitializerClasses = '[]', activeProfiles = '{}', propertySourceLocations = '{}', propertySourceProperties = '{org.springframework.boot.test.context.SpringBootTestContextBootstrapper=true}', contextCustomizers = set[org.springframework.boot.test.context.filter.ExcludeFilterContextCustomizer@62315f22, org.springframework.boot.test.json.DuplicateJsonObjectContextCustomizerFactory$DuplicateJsonObjectContextCustomizer@78f9ed3e, org.springframework.boot.test.mock.mockito.MockitoContextCustomizer@0, org.springframework.boot.test.web.client.TestRestTemplateContextCustomizer@66d57c1b, org.springframework.boot.test.autoconfigure.actuate.metrics.MetricsExportContextCustomizerFactory$DisableMetricExportContextCustomizer@7dcc91fd, org.springframework.boot.test.autoconfigure.properties.PropertyMappingContextCustomizer@0, org.springframework.boot.test.autoconfigure.web.servlet.WebDriverContextCustomizerFactory$Customizer@78dc4696, org.springframework.boot.test.context.SpringBootTestArgs@1, org.springframework.boot.test.context.SpringBootTestWebEnvironment@4e41089d], resourceBasePath = 'src/main/webapp', contextLoader = 'org.springframework.boot.test.context.SpringBootContextLoader', parent = [null]], attributes = map['org.springframework.test.context.web.ServletTestExecutionListener.activateListener' -> true]], class annotated with @DirtiesContext [false] with mode [null].
15:35:12.546 [main] DEBUG org.springframework.test.context.support.TestPropertySourceUtils - Adding inlined properties to environment: {spring.jmx.enabled=false, org.springframework.boot.test.context.SpringBootTestContextBootstrapper=true}

  .   ____          _            __ _ _
 /\\ / ___'_ __ _ _(_)_ __  __ _ \ \ \ \
( ( )\___ | '_ | '_| | '_ \/ _` | \ \ \ \
 \\/  ___)| |_)| | | | | || (_| |  ) ) ) )
  '  |____| .__|_| |_|_| |_\__, | / / / /
 =========|_|==============|___/=/_/_/_/
 :: Spring Boot ::                (v2.5.4)

2021-10-22 15:35:12.897  INFO 14152 --- [           main] c.e.N.NewNormalAPIApplicationTests       : Starting NewNormalAPIApplicationTests using Java 15.0.1 on Wesley-Zenbook with PID 14152 (started by wesle in C:\Users\wesle\Desktop\NewNormal\NewNormalApi)
2021-10-22 15:35:12.902  INFO 14152 --- [           main] c.e.N.NewNormalAPIApplicationTests       : No active profile set, falling back to default profiles: default
2021-10-22 15:35:13.855  INFO 14152 --- [           main] .s.d.r.c.RepositoryConfigurationDelegate : Bootstrapping Spring Data JPA repositories in DEFAULT mode.
2021-10-22 15:35:13.954  INFO 14152 --- [           main] .s.d.r.c.RepositoryConfigurationDelegate : Finished Spring Data repository scanning in 85 ms. Found 4 JPA repository interfaces.
2021-10-22 15:35:14.481  INFO 14152 --- [           main] com.zaxxer.hikari.HikariDataSource       : HikariPool-1 - Starting...
2021-10-22 15:35:14.876  INFO 14152 --- [           main] com.zaxxer.hikari.HikariDataSource       : HikariPool-1 - Start completed.
2021-10-22 15:35:15.042  INFO 14152 --- [           main] o.hibernate.jpa.internal.util.LogHelper  : HHH000204: Processing PersistenceUnitInfo [name: default]
2021-10-22 15:35:15.120  INFO 14152 --- [           main] org.hibernate.Version                    : HHH000412: Hibernate ORM core version 5.4.32.Final
2021-10-22 15:35:15.193  INFO 14152 --- [           main] o.hibernate.annotations.common.Version   : HCANN000001: Hibernate Commons Annotations {5.1.2.Final}
2021-10-22 15:35:15.352  INFO 14152 --- [           main] org.hibernate.dialect.Dialect            : HHH000400: Using dialect: org.hibernate.dialect.MySQL8Dialect
2021-10-22 15:35:15.945  INFO 14152 --- [           main] o.h.e.t.j.p.i.JtaPlatformInitiator       : HHH000490: Using JtaPlatform implementation: [org.hibernate.engine.transaction.jta.platform.internal.NoJtaPlatform]
2021-10-22 15:35:15.954  INFO 14152 --- [           main] j.LocalContainerEntityManagerFactoryBean : Initialized JPA EntityManagerFactory for persistence unit 'default'
2021-10-22 15:35:16.538  WARN 14152 --- [           main] JpaBaseConfiguration$JpaWebConfiguration : spring.jpa.open-in-view is enabled by default. Therefore, database queries may be performed during view rendering. Explicitly configure spring.jpa.open-in-view to disable this warning
2021-10-22 15:35:16.859  INFO 14152 --- [           main] o.s.s.web.DefaultSecurityFilterChain     : Will secure any request with [org.springframework.security.web.context.request.async.WebAsyncManagerIntegrationFilter@2566247d, org.springframework.security.web.context.SecurityContextPersistenceFilter@aca2a0b, org.springframework.security.web.authentication.logout.LogoutFilter@4bc39640, com.example.NewNormalAPI.jwt.filter.JwtRequestFilter@45302e66, org.springframework.security.web.authentication.www.BasicAuthenticationFilter@601e7c97, org.springframework.security.web.savedrequest.RequestCacheAwareFilter@62ba3045, org.springframework.security.web.servletapi.SecurityContextHolderAwareRequestFilter@b4c89b6, org.springframework.security.web.authentication.AnonymousAuthenticationFilter@363a09a2, org.springframework.security.web.session.SessionManagementFilter@62158618, org.springframework.security.web.access.ExceptionTranslationFilter@7611e295, org.springframework.security.web.access.intercept.FilterSecurityInterceptor@260f05ee]
2021-10-22 15:35:17.686  INFO 14152 --- [           main] c.e.N.NewNormalAPIApplicationTests       : Started NewNormalAPIApplicationTests in 5.132 seconds (JVM running for 6.871)
2021-10-22 15:35:17.894  WARN 14152 --- [           main] o.h.engine.jdbc.spi.SqlExceptionHelper   : SQL Error: 1146, SQLState: 42S02
2021-10-22 15:35:17.895 ERROR 14152 --- [           main] o.h.engine.jdbc.spi.SqlExceptionHelper   : Table 'new_normal.admin_config' doesn't exist
]]></system-out>
  </testcase>
</testsuite>